C:\Program Files\Microsoft Visual Studio\2022\Community\MSBuild\Microsoft\VC\v170\Microsoft.CppBuild.targets(531,5): warning MSB8028: The intermediate directory (obj\x64\Debug\) contains files shared from another project (game-premake.vcxproj).  This can lead to incorrect clean and rebuild behavior.
  main.c
D:\projects\hitomezashi\raylib-master\src\raygui.h(4798,68): warning C4244: '=': conversion from 'unsigned int' to 'float', possible loss of data
  (compiling source file 'src/main.c')
  
D:\projects\hitomezashi\raylib-master\src\raygui.h(4889,86): warning C4244: '+=': conversion from 'float' to 'int', possible loss of data
  (compiling source file 'src/main.c')
  
D:\projects\hitomezashi\raylib-master\src\raygui.h(4814,31): warning C4244: 'initializing': conversion from 'int' to 'float', possible loss of data
  (compiling source file 'src/main.c')
  
D:\projects\hitomezashi\game\src\main.c(127,28): warning C4244: 'initializing': conversion from 'const int' to 'float', possible loss of data
D:\projects\hitomezashi\game\src\main.c(127,47): warning C4244: 'initializing': conversion from 'const int' to 'float', possible loss of data
D:\projects\hitomezashi\game\src\main.c(127,64): warning C4244: 'initializing': conversion from 'const int' to 'float', possible loss of data
D:\projects\hitomezashi\game\src\main.c(127,78): warning C4244: 'initializing': conversion from 'const int' to 'float', possible loss of data
D:\projects\hitomezashi\game\src\main.c(128,29): warning C4244: 'initializing': conversion from 'const int' to 'float', possible loss of data
D:\projects\hitomezashi\game\src\main.c(128,48): warning C4244: 'initializing': conversion from 'const int' to 'float', possible loss of data
D:\projects\hitomezashi\game\src\main.c(128,66): warning C4244: 'initializing': conversion from 'const int' to 'float', possible loss of data
D:\projects\hitomezashi\game\src\main.c(128,80): warning C4244: 'initializing': conversion from 'const int' to 'float', possible loss of data
D:\projects\hitomezashi\game\src\main.c(131,28): warning C4244: 'initializing': conversion from 'const int' to 'float', possible loss of data
D:\projects\hitomezashi\game\src\main.c(131,47): warning C4244: 'initializing': conversion from 'const int' to 'float', possible loss of data
D:\projects\hitomezashi\game\src\main.c(131,63): warning C4244: 'initializing': conversion from 'const int' to 'float', possible loss of data
D:\projects\hitomezashi\game\src\main.c(131,77): warning C4244: 'initializing': conversion from 'const int' to 'float', possible loss of data
D:\projects\hitomezashi\game\src\main.c(132,38): warning C4244: 'initializing': conversion from 'const int' to 'float', possible loss of data
D:\projects\hitomezashi\game\src\main.c(132,57): warning C4244: 'initializing': conversion from 'const int' to 'float', possible loss of data
D:\projects\hitomezashi\game\src\main.c(132,68): warning C4244: 'initializing': conversion from 'const int' to 'float', possible loss of data
D:\projects\hitomezashi\game\src\main.c(132,82): warning C4244: 'initializing': conversion from 'const int' to 'float', possible loss of data
  game-premake.vcxproj -> D:\projects\hitomezashi\bin\Debug\game-premake.exe
